# JRE version: Java(TM) SE Runtime Environment (8.0_60-b27) (build 1.8.0_60-b27)
# Java VM: Java HotSpot(TM) 64-Bit Server VM (25.60-b23 mixed mode windows-amd64 compressed oops)
Heap:
 PSYoungGen      total 60928K, used 58511K [0x000000076b200000, 0x000000076f700000, 0x00000007c0000000)
  eden space 51200K, 100% used [0x000000076b200000,0x000000076e400000,0x000000076e400000)
  from space 9728K, 75% used [0x000000076e400000,0x000000076eb23c40,0x000000076ed80000)
  to   space 9728K, 44% used [0x000000076ed80000,0x000000076f1c5ff0,0x000000076f700000)
 ParOldGen       total 249856K, used 72301K [0x00000006c1600000, 0x00000006d0a00000, 0x000000076b200000)
  object space 249856K, 28% used [0x00000006c1600000,0x00000006c5c9b480,0x00000006d0a00000)
 Metaspace       used 62419K, capacity 63125K, committed 63512K, reserved 1105920K
  class space    used 7452K, capacity 7631K, committed 7720K, reserved 1048576K
GC Heap History (10 events):
Event: 3840.299 GC heap after
Heap after GC invocations=176 (full 3):
 PSYoungGen      total 60928K, used 7334K [0x000000076b200000, 0x000000076f700000, 0x00000007c0000000)
  eden space 51200K, 0% used [0x000000076b200000,0x000000076b200000,0x000000076e400000)
  from space 9728K, 75% used [0x000000076e400000,0x000000076eb299d8,0x000000076ed80000)
  to   space 9728K, 0% used [0x000000076ed80000,0x000000076ed80000,0x000000076f700000)
 ParOldGen       total 249856K, used 72301K [0x00000006c1600000, 0x00000006d0a00000, 0x000000076b200000)
  object space 249856K, 28% used [0x00000006c1600000,0x00000006c5c9b480,0x00000006d0a00000)
 Metaspace       used 62407K, capacity 63125K, committed 63512K, reserved 1105920K
  class space    used 7452K, capacity 7631K, committed 7720K, reserved 1048576K
}
Event: 3843.176 GC heap before
{Heap before GC invocations=177 (full 3):
 PSYoungGen      total 60928K, used 58534K [0x000000076b200000, 0x000000076f700000, 0x00000007c0000000)
  eden space 51200K, 100% used [0x000000076b200000,0x000000076e400000,0x000000076e400000)
  from space 9728K, 75% used [0x000000076e400000,0x000000076eb299d8,0x000000076ed80000)
  to   space 9728K, 0% used [0x000000076ed80000,0x000000076ed80000,0x000000076f700000)
 ParOldGen       total 249856K, used 72301K [0x00000006c1600000, 0x00000006d0a00000, 0x000000076b200000)
  object space 249856K, 28% used [0x00000006c1600000,0x00000006c5c9b480,0x00000006d0a00000)
 Metaspace       used 62408K, capacity 63125K, committed 63512K, reserved 1105920K
  class space    used 7452K, capacity 7631K, committed 7720K, reserved 1048576K
Event: 3843.186 GC heap after
Heap after GC invocations=177 (full 3):
 PSYoungGen      total 60928K, used 6436K [0x000000076b200000, 0x000000076f700000, 0x00000007c0000000)
  eden space 51200K, 0% used [0x000000076b200000,0x000000076b200000,0x000000076e400000)
  from space 9728K, 66% used [0x000000076ed80000,0x000000076f3c9098,0x000000076f700000)
  to   space 9728K, 0% used [0x000000076e400000,0x000000076e400000,0x000000076ed80000)
 ParOldGen       total 249856K, used 72301K [0x00000006c1600000, 0x00000006d0a00000, 0x000000076b200000)
  object space 249856K, 28% used [0x00000006c1600000,0x00000006c5c9b480,0x00000006d0a00000)
 Metaspace       used 62408K, capacity 63125K, committed 63512K, reserved 1105920K
  class space    used 7452K, capacity 7631K, committed 7720K, reserved 1048576K
}
Event: 3878.704 GC heap before
{Heap before GC invocations=178 (full 3):
 PSYoungGen      total 60928K, used 57636K [0x000000076b200000, 0x000000076f700000, 0x00000007c0000000)
  eden space 51200K, 100% used [0x000000076b200000,0x000000076e400000,0x000000076e400000)
  from space 9728K, 66% used [0x000000076ed80000,0x000000076f3c9098,0x000000076f700000)
  to   space 9728K, 0% used [0x000000076e400000,0x000000076e400000,0x000000076ed80000)
 ParOldGen       total 249856K, used 72301K [0x00000006c1600000, 0x00000006d0a00000, 0x000000076b200000)
  object space 249856K, 28% used [0x00000006c1600000,0x00000006c5c9b480,0x00000006d0a00000)
 Metaspace       used 62419K, capacity 63125K, committed 63512K, reserved 1105920K
  class space    used 7452K, capacity 7631K, committed 7720K, reserved 1048576K
Event: 3878.710 GC heap after
Heap after GC invocations=178 (full 3):
 PSYoungGen      total 60928K, used 4395K [0x000000076b200000, 0x000000076f700000, 0x00000007c0000000)
  eden space 51200K, 0% used [0x000000076b200000,0x000000076b200000,0x000000076e400000)
  from space 9728K, 45% used [0x000000076e400000,0x000000076e84ac10,0x000000076ed80000)
  to   space 9728K, 0% used [0x000000076ed80000,0x000000076ed80000,0x000000076f700000)
 ParOldGen       total 249856K, used 72301K [0x00000006c1600000, 0x00000006d0a00000, 0x000000076b200000)
  object space 249856K, 28% used [0x00000006c1600000,0x00000006c5c9b480,0x00000006d0a00000)
 Metaspace       used 62419K, capacity 63125K, committed 63512K, reserved 1105920K
  class space    used 7452K, capacity 7631K, committed 7720K, reserved 1048576K
}
Event: 3881.228 GC heap before
{Heap before GC invocations=179 (full 3):
 PSYoungGen      total 60928K, used 55595K [0x000000076b200000, 0x000000076f700000, 0x00000007c0000000)
  eden space 51200K, 100% used [0x000000076b200000,0x000000076e400000,0x000000076e400000)
  from space 9728K, 45% used [0x000000076e400000,0x000000076e84ac10,0x000000076ed80000)
  to   space 9728K, 0% used [0x000000076ed80000,0x000000076ed80000,0x000000076f700000)
 ParOldGen       total 249856K, used 72301K [0x00000006c1600000, 0x00000006d0a00000, 0x000000076b200000)
  object space 249856K, 28% used [0x00000006c1600000,0x00000006c5c9b480,0x00000006d0a00000)
 Metaspace       used 62419K, capacity 63125K, committed 63512K, reserved 1105920K
  class space    used 7452K, capacity 7631K, committed 7720K, reserved 1048576K
Event: 3881.238 GC heap after
Heap after GC invocations=179 (full 3):
 PSYoungGen      total 60928K, used 7363K [0x000000076b200000, 0x000000076f700000, 0x00000007c0000000)
  eden space 51200K, 0% used [0x000000076b200000,0x000000076b200000,0x000000076e400000)
  from space 9728K, 75% used [0x000000076ed80000,0x000000076f4b0d80,0x000000076f700000)
  to   space 9728K, 0% used [0x000000076e400000,0x000000076e400000,0x000000076ed80000)
 ParOldGen       total 249856K, used 72301K [0x00000006c1600000, 0x00000006d0a00000, 0x000000076b200000)
  object space 249856K, 28% used [0x00000006c1600000,0x00000006c5c9b480,0x00000006d0a00000)
 Metaspace       used 62419K, capacity 63125K, committed 63512K, reserved 1105920K
  class space    used 7452K, capacity 7631K, committed 7720K, reserved 1048576K
}
Event: 3883.747 GC heap before
{Heap before GC invocations=180 (full 3):
 PSYoungGen      total 60928K, used 58563K [0x000000076b200000, 0x000000076f700000, 0x00000007c0000000)
  eden space 51200K, 100% used [0x000000076b200000,0x000000076e400000,0x000000076e400000)
  from space 9728K, 75% used [0x000000076ed80000,0x000000076f4b0d80,0x000000076f700000)
  to   space 9728K, 0% used [0x000000076e400000,0x000000076e400000,0x000000076ed80000)
 ParOldGen       total 249856K, used 72301K [0x00000006c1600000, 0x00000006d0a00000, 0x000000076b200000)
  object space 249856K, 28% used [0x00000006c1600000,0x00000006c5c9b480,0x00000006d0a00000)
 Metaspace       used 62419K, capacity 63125K, committed 63512K, reserved 1105920K
  class space    used 7452K, capacity 7631K, committed 7720K, reserved 1048576K
Event: 3883.758 GC heap after
Heap after GC invocations=180 (full 3):
 PSYoungGen      total 60928K, used 7311K [0x000000076b200000, 0x000000076f700000, 0x00000007c0000000)
  eden space 51200K, 0% used [0x000000076b200000,0x000000076b200000,0x000000076e400000)
  from space 9728K, 75% used [0x000000076e400000,0x000000076eb23c40,0x000000076ed80000)
  to   space 9728K, 0% used [0x000000076ed80000,0x000000076ed80000,0x000000076f700000)
 ParOldGen       total 249856K, used 72301K [0x00000006c1600000, 0x00000006d0a00000, 0x000000076b200000)
  object space 249856K, 28% used [0x00000006c1600000,0x00000006c5c9b480,0x00000006d0a00000)
 Metaspace       used 62419K, capacity 63125K, committed 63512K, reserved 1105920K
  class space    used 7452K, capacity 7631K, committed 7720K, reserved 1048576K
}
Event: 3886.552 GC heap before
{Heap before GC invocations=181 (full 3):
 PSYoungGen      total 60928K, used 58511K [0x000000076b200000, 0x000000076f700000, 0x00000007c0000000)
  eden space 51200K, 100% used [0x000000076b200000,0x000000076e400000,0x000000076e400000)
  from space 9728K, 75% used [0x000000076e400000,0x000000076eb23c40,0x000000076ed80000)
  to   space 9728K, 0% used [0x000000076ed80000,0x000000076ed80000,0x000000076f700000)
 ParOldGen       total 249856K, used 72301K [0x00000006c1600000, 0x00000006d0a00000, 0x000000076b200000)
  object space 249856K, 28% used [0x00000006c1600000,0x00000006c5c9b480,0x00000006d0a00000)
 Metaspace       used 62419K, capacity 63125K, committed 63512K, reserved 1105920K
  class space    used 7452K, capacity 7631K, committed 7720K, reserved 1048576K

