# JRE version: Java(TM) SE Runtime Environment (8.0_60-b27) (build 1.8.0_60-b27)
# Java VM: Java HotSpot(TM) 64-Bit Server VM (25.60-b23 mixed mode windows-amd64 compressed oops)
Heap:
 PSYoungGen      total 101888K, used 100101K [0x000000076b200000, 0x0000000772f80000, 0x00000007c0000000)
  eden space 75264K, 100% used [0x000000076b200000,0x000000076fb80000,0x000000076fb80000)
  from space 26624K, 93% used [0x0000000771580000,0x0000000772dc1570,0x0000000772f80000)
  to   space 26624K, 93% used [0x000000076fb80000,0x00000007713bd560,0x0000000771580000)
 ParOldGen       total 453120K, used 239416K [0x00000006c1600000, 0x00000006dd080000, 0x000000076b200000)
  object space 453120K, 52% used [0x00000006c1600000,0x00000006cffce2d0,0x00000006dd080000)
 Metaspace       used 38317K, capacity 38760K, committed 39424K, reserved 1083392K
  class space    used 4439K, capacity 4548K, committed 4608K, reserved 1048576K
GC Heap History (10 events):
Event: 11911.185 GC heap after
Heap after GC invocations=113 (full 3):
 PSYoungGen      total 100864K, used 24805K [0x000000076b200000, 0x0000000772e80000, 0x00000007c0000000)
  eden space 74240K, 0% used [0x000000076b200000,0x000000076b200000,0x000000076fa80000)
  from space 26624K, 93% used [0x0000000771480000,0x0000000772cb9570,0x0000000772e80000)
  to   space 26624K, 0% used [0x000000076fa80000,0x000000076fa80000,0x0000000771480000)
 ParOldGen       total 453120K, used 231268K [0x00000006c1600000, 0x00000006dd080000, 0x000000076b200000)
  object space 453120K, 51% used [0x00000006c1600000,0x00000006cf7d91a0,0x00000006dd080000)
 Metaspace       used 38317K, capacity 38760K, committed 39424K, reserved 1083392K
  class space    used 4439K, capacity 4548K, committed 4608K, reserved 1048576K
}
Event: 12004.257 GC heap before
{Heap before GC invocations=114 (full 3):
 PSYoungGen      total 100864K, used 99045K [0x000000076b200000, 0x0000000772e80000, 0x00000007c0000000)
  eden space 74240K, 100% used [0x000000076b200000,0x000000076fa80000,0x000000076fa80000)
  from space 26624K, 93% used [0x0000000771480000,0x0000000772cb9570,0x0000000772e80000)
  to   space 26624K, 0% used [0x000000076fa80000,0x000000076fa80000,0x0000000771480000)
 ParOldGen       total 453120K, used 231268K [0x00000006c1600000, 0x00000006dd080000, 0x000000076b200000)
  object space 453120K, 51% used [0x00000006c1600000,0x00000006cf7d91a0,0x00000006dd080000)
 Metaspace       used 38317K, capacity 38760K, committed 39424K, reserved 1083392K
  class space    used 4439K, capacity 4548K, committed 4608K, reserved 1048576K
Event: 12004.287 GC heap after
Heap after GC invocations=114 (full 3):
 PSYoungGen      total 100864K, used 24677K [0x000000076b200000, 0x0000000772f00000, 0x00000007c0000000)
  eden space 74240K, 0% used [0x000000076b200000,0x000000076b200000,0x000000076fa80000)
  from space 26624K, 92% used [0x000000076fa80000,0x0000000771299570,0x0000000771480000)
  to   space 26624K, 0% used [0x0000000771500000,0x0000000771500000,0x0000000772f00000)
 ParOldGen       total 453120K, used 233012K [0x00000006c1600000, 0x00000006dd080000, 0x000000076b200000)
  object space 453120K, 51% used [0x00000006c1600000,0x00000006cf98d1e0,0x00000006dd080000)
 Metaspace       used 38317K, capacity 38760K, committed 39424K, reserved 1083392K
  class space    used 4439K, capacity 4548K, committed 4608K, reserved 1048576K
}
Event: 12103.537 GC heap before
{Heap before GC invocations=115 (full 3):
 PSYoungGen      total 100864K, used 98917K [0x000000076b200000, 0x0000000772f00000, 0x00000007c0000000)
  eden space 74240K, 100% used [0x000000076b200000,0x000000076fa80000,0x000000076fa80000)
  from space 26624K, 92% used [0x000000076fa80000,0x0000000771299570,0x0000000771480000)
  to   space 26624K, 0% used [0x0000000771500000,0x0000000771500000,0x0000000772f00000)
 ParOldGen       total 453120K, used 233012K [0x00000006c1600000, 0x00000006dd080000, 0x000000076b200000)
  object space 453120K, 51% used [0x00000006c1600000,0x00000006cf98d1e0,0x00000006dd080000)
 Metaspace       used 38317K, capacity 38760K, committed 39424K, reserved 1083392K
  class space    used 4439K, capacity 4548K, committed 4608K, reserved 1048576K
Event: 12103.553 GC heap after
Heap after GC invocations=115 (full 3):
 PSYoungGen      total 101376K, used 24597K [0x000000076b200000, 0x0000000772f00000, 0x00000007c0000000)
  eden space 74752K, 0% used [0x000000076b200000,0x000000076b200000,0x000000076fb00000)
  from space 26624K, 92% used [0x0000000771500000,0x0000000772d05560,0x0000000772f00000)
  to   space 26624K, 0% used [0x000000076fb00000,0x000000076fb00000,0x0000000771500000)
 ParOldGen       total 453120K, used 234668K [0x00000006c1600000, 0x00000006dd080000, 0x000000076b200000)
  object space 453120K, 51% used [0x00000006c1600000,0x00000006cfb2b220,0x00000006dd080000)
 Metaspace       used 38317K, capacity 38760K, committed 39424K, reserved 1083392K
  class space    used 4439K, capacity 4548K, committed 4608K, reserved 1048576K
}
Event: 12194.896 GC heap before
{Heap before GC invocations=116 (full 3):
 PSYoungGen      total 101376K, used 99349K [0x000000076b200000, 0x0000000772f00000, 0x00000007c0000000)
  eden space 74752K, 100% used [0x000000076b200000,0x000000076fb00000,0x000000076fb00000)
  from space 26624K, 92% used [0x0000000771500000,0x0000000772d05560,0x0000000772f00000)
  to   space 26624K, 0% used [0x000000076fb00000,0x000000076fb00000,0x0000000771500000)
 ParOldGen       total 453120K, used 234668K [0x00000006c1600000, 0x00000006dd080000, 0x000000076b200000)
  object space 453120K, 51% used [0x00000006c1600000,0x00000006cfb2b220,0x00000006dd080000)
 Metaspace       used 38317K, capacity 38760K, committed 39424K, reserved 1083392K
  class space    used 4439K, capacity 4548K, committed 4608K, reserved 1048576K
Event: 12194.928 GC heap after
Heap after GC invocations=116 (full 3):
 PSYoungGen      total 101376K, used 24933K [0x000000076b200000, 0x0000000772f80000, 0x00000007c0000000)
  eden space 74752K, 0% used [0x000000076b200000,0x000000076b200000,0x000000076fb00000)
  from space 26624K, 93% used [0x000000076fb00000,0x0000000771359570,0x0000000771500000)
  to   space 26624K, 0% used [0x0000000771580000,0x0000000771580000,0x0000000772f80000)
 ParOldGen       total 453120K, used 236184K [0x00000006c1600000, 0x00000006dd080000, 0x000000076b200000)
  object space 453120K, 52% used [0x00000006c1600000,0x00000006cfca6250,0x00000006dd080000)
 Metaspace       used 38317K, capacity 38760K, committed 39424K, reserved 1083392K
  class space    used 4439K, capacity 4548K, committed 4608K, reserved 1048576K
}
Event: 12284.210 GC heap before
{Heap before GC invocations=117 (full 3):
 PSYoungGen      total 101376K, used 99685K [0x000000076b200000, 0x0000000772f80000, 0x00000007c0000000)
  eden space 74752K, 100% used [0x000000076b200000,0x000000076fb00000,0x000000076fb00000)
  from space 26624K, 93% used [0x000000076fb00000,0x0000000771359570,0x0000000771500000)
  to   space 26624K, 0% used [0x0000000771580000,0x0000000771580000,0x0000000772f80000)
 ParOldGen       total 453120K, used 236184K [0x00000006c1600000, 0x00000006dd080000, 0x000000076b200000)
  object space 453120K, 52% used [0x00000006c1600000,0x00000006cfca6250,0x00000006dd080000)
 Metaspace       used 38317K, capacity 38760K, committed 39424K, reserved 1083392K
  class space    used 4439K, capacity 4548K, committed 4608K, reserved 1048576K
Event: 12284.243 GC heap after
Heap after GC invocations=117 (full 3):
 PSYoungGen      total 101888K, used 24837K [0x000000076b200000, 0x0000000772f80000, 0x00000007c0000000)
  eden space 75264K, 0% used [0x000000076b200000,0x000000076b200000,0x000000076fb80000)
  from space 26624K, 93% used [0x0000000771580000,0x0000000772dc1570,0x0000000772f80000)
  to   space 26624K, 0% used [0x000000076fb80000,0x000000076fb80000,0x0000000771580000)
 ParOldGen       total 453120K, used 237916K [0x00000006c1600000, 0x00000006dd080000, 0x000000076b200000)
  object space 453120K, 52% used [0x00000006c1600000,0x00000006cfe572a0,0x00000006dd080000)
 Metaspace       used 38317K, capacity 38760K, committed 39424K, reserved 1083392K
  class space    used 4439K, capacity 4548K, committed 4608K, reserved 1048576K
}
Event: 12379.179 GC heap before
{Heap before GC invocations=118 (full 3):
 PSYoungGen      total 101888K, used 100101K [0x000000076b200000, 0x0000000772f80000, 0x00000007c0000000)
  eden space 75264K, 100% used [0x000000076b200000,0x000000076fb80000,0x000000076fb80000)
  from space 26624K, 93% used [0x0000000771580000,0x0000000772dc1570,0x0000000772f80000)
  to   space 26624K, 0% used [0x000000076fb80000,0x000000076fb80000,0x0000000771580000)
 ParOldGen       total 453120K, used 237916K [0x00000006c1600000, 0x00000006dd080000, 0x000000076b200000)
  object space 453120K, 52% used [0x00000006c1600000,0x00000006cfe572a0,0x00000006dd080000)
 Metaspace       used 38317K, capacity 38760K, committed 39424K, reserved 1083392K
  class space    used 4439K, capacity 4548K, committed 4608K, reserved 1048576K

