# JRE version: Java(TM) SE Runtime Environment (8.0_60-b27) (build 1.8.0_60-b27)
# Java VM: Java HotSpot(TM) 64-Bit Server VM (25.60-b23 mixed mode windows-amd64 compressed oops)
Heap:
 PSYoungGen      total 791552K, used 787168K [0x000000076b200000, 0x000000079f880000, 0x00000007c0000000)
  eden space 736768K, 100% used [0x000000076b200000,0x0000000798180000,0x0000000798180000)
  from space 54784K, 91% used [0x0000000798180000,0x000000079b2b8350,0x000000079b700000)
  to   space 55296K, 8% used [0x000000079c280000,0x000000079c70de80,0x000000079f880000)
 ParOldGen       total 304128K, used 44560K [0x00000006c1600000, 0x00000006d3f00000, 0x000000076b200000)
  object space 304128K, 14% used [0x00000006c1600000,0x00000006c41840d8,0x00000006d3f00000)
 Metaspace       used 64170K, capacity 64788K, committed 65432K, reserved 1107968K
  class space    used 7570K, capacity 7719K, committed 7848K, reserved 1048576K
GC Heap History (10 events):
Event: 25759.311 GC heap after
Heap after GC invocations=3347 (full 4):
 PSYoungGen      total 769536K, used 48653K [0x000000076b200000, 0x000000079e080000, 0x00000007c0000000)
  eden space 715776K, 0% used [0x000000076b200000,0x000000076b200000,0x0000000796d00000)
  from space 53760K, 90% used [0x0000000796d00000,0x0000000799c83480,0x000000079a180000)
  to   space 53760K, 0% used [0x000000079ac00000,0x000000079ac00000,0x000000079e080000)
 ParOldGen       total 304128K, used 44560K [0x00000006c1600000, 0x00000006d3f00000, 0x000000076b200000)
  object space 304128K, 14% used [0x00000006c1600000,0x00000006c41840d8,0x00000006d3f00000)
 Metaspace       used 64170K, capacity 64788K, committed 65432K, reserved 1107968K
  class space    used 7570K, capacity 7719K, committed 7848K, reserved 1048576K
}
Event: 25846.459 GC heap before
{Heap before GC invocations=3348 (full 4):
 PSYoungGen      total 769536K, used 764429K [0x000000076b200000, 0x000000079e080000, 0x00000007c0000000)
  eden space 715776K, 100% used [0x000000076b200000,0x0000000796d00000,0x0000000796d00000)
  from space 53760K, 90% used [0x0000000796d00000,0x0000000799c83480,0x000000079a180000)
  to   space 53760K, 0% used [0x000000079ac00000,0x000000079ac00000,0x000000079e080000)
 ParOldGen       total 304128K, used 44560K [0x00000006c1600000, 0x00000006d3f00000, 0x000000076b200000)
  object space 304128K, 14% used [0x00000006c1600000,0x00000006c41840d8,0x00000006d3f00000)
 Metaspace       used 64170K, capacity 64788K, committed 65432K, reserved 1107968K
  class space    used 7570K, capacity 7719K, committed 7848K, reserved 1048576K
Event: 25846.578 GC heap after
Heap after GC invocations=3348 (full 4):
 PSYoungGen      total 779776K, used 49397K [0x000000076b200000, 0x000000079e200000, 0x00000007c0000000)
  eden space 726016K, 0% used [0x000000076b200000,0x000000076b200000,0x0000000797700000)
  from space 53760K, 91% used [0x000000079ac00000,0x000000079dc3d710,0x000000079e080000)
  to   space 54272K, 0% used [0x0000000797700000,0x0000000797700000,0x000000079ac00000)
 ParOldGen       total 304128K, used 44560K [0x00000006c1600000, 0x00000006d3f00000, 0x000000076b200000)
  object space 304128K, 14% used [0x00000006c1600000,0x00000006c41840d8,0x00000006d3f00000)
 Metaspace       used 64170K, capacity 64788K, committed 65432K, reserved 1107968K
  class space    used 7570K, capacity 7719K, committed 7848K, reserved 1048576K
}
Event: 25941.113 GC heap before
{Heap before GC invocations=3349 (full 4):
 PSYoungGen      total 779776K, used 775413K [0x000000076b200000, 0x000000079e200000, 0x00000007c0000000)
  eden space 726016K, 100% used [0x000000076b200000,0x0000000797700000,0x0000000797700000)
  from space 53760K, 91% used [0x000000079ac00000,0x000000079dc3d710,0x000000079e080000)
  to   space 54272K, 0% used [0x0000000797700000,0x0000000797700000,0x000000079ac00000)
 ParOldGen       total 304128K, used 44560K [0x00000006c1600000, 0x00000006d3f00000, 0x000000076b200000)
  object space 304128K, 14% used [0x00000006c1600000,0x00000006c41840d8,0x00000006d3f00000)
 Metaspace       used 64170K, capacity 64788K, committed 65432K, reserved 1107968K
  class space    used 7570K, capacity 7719K, committed 7848K, reserved 1048576K
Event: 25941.224 GC heap after
Heap after GC invocations=3349 (full 4):
 PSYoungGen      total 780288K, used 47979K [0x000000076b200000, 0x000000079ec00000, 0x00000007c0000000)
  eden space 726016K, 0% used [0x000000076b200000,0x000000076b200000,0x0000000797700000)
  from space 54272K, 88% used [0x0000000797700000,0x000000079a5daf60,0x000000079ac00000)
  to   space 54272K, 0% used [0x000000079b700000,0x000000079b700000,0x000000079ec00000)
 ParOldGen       total 304128K, used 44560K [0x00000006c1600000, 0x00000006d3f00000, 0x000000076b200000)
  object space 304128K, 14% used [0x00000006c1600000,0x00000006c41840d8,0x00000006d3f00000)
 Metaspace       used 64170K, capacity 64788K, committed 65432K, reserved 1107968K
  class space    used 7570K, capacity 7719K, committed 7848K, reserved 1048576K
}
Event: 26028.557 GC heap before
{Heap before GC invocations=3350 (full 4):
 PSYoungGen      total 780288K, used 773995K [0x000000076b200000, 0x000000079ec00000, 0x00000007c0000000)
  eden space 726016K, 100% used [0x000000076b200000,0x0000000797700000,0x0000000797700000)
  from space 54272K, 88% used [0x0000000797700000,0x000000079a5daf60,0x000000079ac00000)
  to   space 54272K, 0% used [0x000000079b700000,0x000000079b700000,0x000000079ec00000)
 ParOldGen       total 304128K, used 44560K [0x00000006c1600000, 0x00000006d3f00000, 0x000000076b200000)
  object space 304128K, 14% used [0x00000006c1600000,0x00000006c41840d8,0x00000006d3f00000)
 Metaspace       used 64170K, capacity 64788K, committed 65432K, reserved 1107968K
  class space    used 7570K, capacity 7719K, committed 7848K, reserved 1048576K
Event: 26028.683 GC heap after
Heap after GC invocations=3350 (full 4):
 PSYoungGen      total 791040K, used 50327K [0x000000076b200000, 0x000000079ed00000, 0x00000007c0000000)
  eden space 736768K, 0% used [0x000000076b200000,0x000000076b200000,0x0000000798180000)
  from space 54272K, 92% used [0x000000079b700000,0x000000079e825e80,0x000000079ec00000)
  to   space 54784K, 0% used [0x0000000798180000,0x0000000798180000,0x000000079b700000)
 ParOldGen       total 304128K, used 44560K [0x00000006c1600000, 0x00000006d3f00000, 0x000000076b200000)
  object space 304128K, 14% used [0x00000006c1600000,0x00000006c41840d8,0x00000006d3f00000)
 Metaspace       used 64170K, capacity 64788K, committed 65432K, reserved 1107968K
  class space    used 7570K, capacity 7719K, committed 7848K, reserved 1048576K
}
Event: 26123.516 GC heap before
{Heap before GC invocations=3351 (full 4):
 PSYoungGen      total 791040K, used 787095K [0x000000076b200000, 0x000000079ed00000, 0x00000007c0000000)
  eden space 736768K, 100% used [0x000000076b200000,0x0000000798180000,0x0000000798180000)
  from space 54272K, 92% used [0x000000079b700000,0x000000079e825e80,0x000000079ec00000)
  to   space 54784K, 0% used [0x0000000798180000,0x0000000798180000,0x000000079b700000)
 ParOldGen       total 304128K, used 44560K [0x00000006c1600000, 0x00000006d3f00000, 0x000000076b200000)
  object space 304128K, 14% used [0x00000006c1600000,0x00000006c41840d8,0x00000006d3f00000)
 Metaspace       used 64170K, capacity 64788K, committed 65432K, reserved 1107968K
  class space    used 7570K, capacity 7719K, committed 7848K, reserved 1048576K
Event: 26123.626 GC heap after
Heap after GC invocations=3351 (full 4):
 PSYoungGen      total 791552K, used 50400K [0x000000076b200000, 0x000000079f880000, 0x00000007c0000000)
  eden space 736768K, 0% used [0x000000076b200000,0x000000076b200000,0x0000000798180000)
  from space 54784K, 91% used [0x0000000798180000,0x000000079b2b8350,0x000000079b700000)
  to   space 55296K, 0% used [0x000000079c280000,0x000000079c280000,0x000000079f880000)
 ParOldGen       total 304128K, used 44560K [0x00000006c1600000, 0x00000006d3f00000, 0x000000076b200000)
  object space 304128K, 14% used [0x00000006c1600000,0x00000006c41840d8,0x00000006d3f00000)
 Metaspace       used 64170K, capacity 64788K, committed 65432K, reserved 1107968K
  class space    used 7570K, capacity 7719K, committed 7848K, reserved 1048576K
}
Event: 26213.788 GC heap before
{Heap before GC invocations=3352 (full 4):
 PSYoungGen      total 791552K, used 787168K [0x000000076b200000, 0x000000079f880000, 0x00000007c0000000)
  eden space 736768K, 100% used [0x000000076b200000,0x0000000798180000,0x0000000798180000)
  from space 54784K, 91% used [0x0000000798180000,0x000000079b2b8350,0x000000079b700000)
  to   space 55296K, 0% used [0x000000079c280000,0x000000079c280000,0x000000079f880000)
 ParOldGen       total 304128K, used 44560K [0x00000006c1600000, 0x00000006d3f00000, 0x000000076b200000)
  object space 304128K, 14% used [0x00000006c1600000,0x00000006c41840d8,0x00000006d3f00000)
 Metaspace       used 64170K, capacity 64788K, committed 65432K, reserved 1107968K
  class space    used 7570K, capacity 7719K, committed 7848K, reserved 1048576K

