# JRE version: Java(TM) SE Runtime Environment (8.0_60-b27) (build 1.8.0_60-b27)
# Java VM: Java HotSpot(TM) 64-Bit Server VM (25.60-b23 mixed mode windows-amd64 compressed oops)
Heap:
 PSYoungGen      total 257024K, used 256976K [0x000000076b200000, 0x000000077c600000, 0x00000007c0000000)
  eden space 247296K, 100% used [0x000000076b200000,0x000000077a380000,0x000000077a380000)
  from space 9728K, 99% used [0x000000077af80000,0x000000077b8f42a8,0x000000077b900000)
  to   space 13312K, 81% used [0x000000077b900000,0x000000077c39e2c0,0x000000077c600000)
 ParOldGen       total 162816K, used 19955K [0x00000006c1600000, 0x00000006cb500000, 0x000000076b200000)
  object space 162816K, 12% used [0x00000006c1600000,0x00000006c297cc28,0x00000006cb500000)
 Metaspace       used 37543K, capacity 37928K, committed 38400K, reserved 1083392K
  class space    used 4454K, capacity 4550K, committed 4608K, reserved 1048576K
GC Heap History (10 events):
Event: 111.243 GC heap after
Heap after GC invocations=9 (full 2):
 PSYoungGen      total 223232K, used 3240K [0x000000076b200000, 0x000000077e380000, 0x00000007c0000000)
  eden space 209920K, 0% used [0x000000076b200000,0x000000076b200000,0x0000000777f00000)
  from space 13312K, 24% used [0x0000000777f00000,0x000000077822a150,0x0000000778c00000)
  to   space 15360K, 0% used [0x000000077d480000,0x000000077d480000,0x000000077e380000)
 ParOldGen       total 162816K, used 19915K [0x00000006c1600000, 0x00000006cb500000, 0x000000076b200000)
  object space 162816K, 12% used [0x00000006c1600000,0x00000006c2972c28,0x00000006cb500000)
 Metaspace       used 36902K, capacity 37304K, committed 37632K, reserved 1083392K
  class space    used 4448K, capacity 4542K, committed 4608K, reserved 1048576K
}
Event: 299.011 GC heap before
{Heap before GC invocations=10 (full 2):
 PSYoungGen      total 223232K, used 213160K [0x000000076b200000, 0x000000077e380000, 0x00000007c0000000)
  eden space 209920K, 100% used [0x000000076b200000,0x0000000777f00000,0x0000000777f00000)
  from space 13312K, 24% used [0x0000000777f00000,0x000000077822a150,0x0000000778c00000)
  to   space 15360K, 0% used [0x000000077d480000,0x000000077d480000,0x000000077e380000)
 ParOldGen       total 162816K, used 19915K [0x00000006c1600000, 0x00000006cb500000, 0x000000076b200000)
  object space 162816K, 12% used [0x00000006c1600000,0x00000006c2972c28,0x00000006cb500000)
 Metaspace       used 37106K, capacity 37502K, committed 37888K, reserved 1083392K
  class space    used 4450K, capacity 4543K, committed 4608K, reserved 1048576K
Event: 299.015 GC heap after
Heap after GC invocations=10 (full 2):
 PSYoungGen      total 279040K, used 4595K [0x000000076b200000, 0x000000077db00000, 0x00000007c0000000)
  eden space 272384K, 0% used [0x000000076b200000,0x000000076b200000,0x000000077bc00000)
  from space 6656K, 69% used [0x000000077d480000,0x000000077d8fcfb8,0x000000077db00000)
  to   space 15872K, 0% used [0x000000077bc00000,0x000000077bc00000,0x000000077cb80000)
 ParOldGen       total 162816K, used 19923K [0x00000006c1600000, 0x00000006cb500000, 0x000000076b200000)
  object space 162816K, 12% used [0x00000006c1600000,0x00000006c2974c28,0x00000006cb500000)
 Metaspace       used 37106K, capacity 37502K, committed 37888K, reserved 1083392K
  class space    used 4450K, capacity 4543K, committed 4608K, reserved 1048576K
}
Event: 483.841 GC heap before
{Heap before GC invocations=11 (full 2):
 PSYoungGen      total 279040K, used 276979K [0x000000076b200000, 0x000000077db00000, 0x00000007c0000000)
  eden space 272384K, 100% used [0x000000076b200000,0x000000077bc00000,0x000000077bc00000)
  from space 6656K, 69% used [0x000000077d480000,0x000000077d8fcfb8,0x000000077db00000)
  to   space 15872K, 0% used [0x000000077bc00000,0x000000077bc00000,0x000000077cb80000)
 ParOldGen       total 162816K, used 19923K [0x00000006c1600000, 0x00000006cb500000, 0x000000076b200000)
  object space 162816K, 12% used [0x00000006c1600000,0x00000006c2974c28,0x00000006cb500000)
 Metaspace       used 37288K, capacity 37736K, committed 38144K, reserved 1083392K
  class space    used 4454K, capacity 4550K, committed 4608K, reserved 1048576K
Event: 483.852 GC heap after
Heap after GC invocations=11 (full 2):
 PSYoungGen      total 270336K, used 6225K [0x000000076b200000, 0x000000077d500000, 0x00000007c0000000)
  eden space 263680K, 0% used [0x000000076b200000,0x000000076b200000,0x000000077b380000)
  from space 6656K, 93% used [0x000000077bc00000,0x000000077c214550,0x000000077c280000)
  to   space 15872K, 0% used [0x000000077c580000,0x000000077c580000,0x000000077d500000)
 ParOldGen       total 162816K, used 19931K [0x00000006c1600000, 0x00000006cb500000, 0x000000076b200000)
  object space 162816K, 12% used [0x00000006c1600000,0x00000006c2976c28,0x00000006cb500000)
 Metaspace       used 37288K, capacity 37736K, committed 38144K, reserved 1083392K
  class space    used 4454K, capacity 4550K, committed 4608K, reserved 1048576K
}
Event: 689.737 GC heap before
{Heap before GC invocations=12 (full 2):
 PSYoungGen      total 270336K, used 269905K [0x000000076b200000, 0x000000077d500000, 0x00000007c0000000)
  eden space 263680K, 100% used [0x000000076b200000,0x000000077b380000,0x000000077b380000)
  from space 6656K, 93% used [0x000000077bc00000,0x000000077c214550,0x000000077c280000)
  to   space 15872K, 0% used [0x000000077c580000,0x000000077c580000,0x000000077d500000)
 ParOldGen       total 162816K, used 19931K [0x00000006c1600000, 0x00000006cb500000, 0x000000076b200000)
  object space 162816K, 12% used [0x00000006c1600000,0x00000006c2976c28,0x00000006cb500000)
 Metaspace       used 37395K, capacity 37800K, committed 38144K, reserved 1083392K
  class space    used 4454K, capacity 4550K, committed 4608K, reserved 1048576K
Event: 689.747 GC heap after
Heap after GC invocations=12 (full 2):
 PSYoungGen      total 263680K, used 8032K [0x000000076b200000, 0x000000077cd80000, 0x00000007c0000000)
  eden space 255488K, 0% used [0x000000076b200000,0x000000076b200000,0x000000077ab80000)
  from space 8192K, 98% used [0x000000077c580000,0x000000077cd58268,0x000000077cd80000)
  to   space 15360K, 0% used [0x000000077af80000,0x000000077af80000,0x000000077be80000)
 ParOldGen       total 162816K, used 19939K [0x00000006c1600000, 0x00000006cb500000, 0x000000076b200000)
  object space 162816K, 12% used [0x00000006c1600000,0x00000006c2978c28,0x00000006cb500000)
 Metaspace       used 37395K, capacity 37800K, committed 38144K, reserved 1083392K
  class space    used 4454K, capacity 4550K, committed 4608K, reserved 1048576K
}
Event: 906.307 GC heap before
{Heap before GC invocations=13 (full 2):
 PSYoungGen      total 263680K, used 263520K [0x000000076b200000, 0x000000077cd80000, 0x00000007c0000000)
  eden space 255488K, 100% used [0x000000076b200000,0x000000077ab80000,0x000000077ab80000)
  from space 8192K, 98% used [0x000000077c580000,0x000000077cd58268,0x000000077cd80000)
  to   space 15360K, 0% used [0x000000077af80000,0x000000077af80000,0x000000077be80000)
 ParOldGen       total 162816K, used 19939K [0x00000006c1600000, 0x00000006cb500000, 0x000000076b200000)
  object space 162816K, 12% used [0x00000006c1600000,0x00000006c2978c28,0x00000006cb500000)
 Metaspace       used 37445K, capacity 37864K, committed 38400K, reserved 1083392K
  class space    used 4454K, capacity 4550K, committed 4608K, reserved 1048576K
Event: 906.319 GC heap after
Heap after GC invocations=13 (full 2):
 PSYoungGen      total 257024K, used 9680K [0x000000076b200000, 0x000000077c600000, 0x00000007c0000000)
  eden space 247296K, 0% used [0x000000076b200000,0x000000076b200000,0x000000077a380000)
  from space 9728K, 99% used [0x000000077af80000,0x000000077b8f42a8,0x000000077b900000)
  to   space 13312K, 0% used [0x000000077b900000,0x000000077b900000,0x000000077c600000)
 ParOldGen       total 162816K, used 19947K [0x00000006c1600000, 0x00000006cb500000, 0x000000076b200000)
  object space 162816K, 12% used [0x00000006c1600000,0x00000006c297ac28,0x00000006cb500000)
 Metaspace       used 37445K, capacity 37864K, committed 38400K, reserved 1083392K
  class space    used 4454K, capacity 4550K, committed 4608K, reserved 1048576K
}
Event: 1129.083 GC heap before
{Heap before GC invocations=14 (full 2):
 PSYoungGen      total 257024K, used 256976K [0x000000076b200000, 0x000000077c600000, 0x00000007c0000000)
  eden space 247296K, 100% used [0x000000076b200000,0x000000077a380000,0x000000077a380000)
  from space 9728K, 99% used [0x000000077af80000,0x000000077b8f42a8,0x000000077b900000)
  to   space 13312K, 0% used [0x000000077b900000,0x000000077b900000,0x000000077c600000)
 ParOldGen       total 162816K, used 19947K [0x00000006c1600000, 0x00000006cb500000, 0x000000076b200000)
  object space 162816K, 12% used [0x00000006c1600000,0x00000006c297ac28,0x00000006cb500000)
 Metaspace       used 37543K, capacity 37928K, committed 38400K, reserved 1083392K
  class space    used 4454K, capacity 4550K, committed 4608K, reserved 1048576K

